2021-05-16 03:09:14 online_inference INFO Running app on 127.0.0.1 with port 8000
2021-05-16 03:09:15 online_inference INFO Start loading model
2021-05-16 03:09:15 online_inference INFO Model loaded
2021-05-16 03:09:52 online_inference INFO Running app on 127.0.0.1 with port 8000
2021-05-16 03:09:52 online_inference INFO Start loading model
2021-05-16 03:09:52 online_inference INFO Model loaded
2021-05-16 03:12:30 online_inference INFO Read data from data/test_heart.csv
2021-05-16 03:12:30 online_inference INFO Request URL is http://127.0.0.1:8000/predict/
2021-05-16 03:12:30 online_inference INFO Request features are ['age', 'sex', 'cp', 'trestbps', 'chol', 'fbs', 'restecg', 'thalach', 'exang', 'oldpeak', 'slope', 'ca', 'thal']
2021-05-16 03:12:30 online_inference INFO Request: [63.0, 1.0, 3.0, 145.0, 233.0, 1.0, 0.0, 150.0, 0.0, 2.3, 0.0, 0.0, 1.0]
2021-05-16 03:12:30 online_inference INFO Response code: 200, body: [{'class_id': 1}]
2021-05-16 03:12:30 online_inference INFO Request: [37.0, 1.0, 2.0, 130.0, 250.0, 0.0, 1.0, 187.0, 0.0, 3.5, 0.0, 0.0, 2.0]
2021-05-16 03:12:30 online_inference INFO Response code: 200, body: [{'class_id': 1}]
2021-05-16 03:12:30 online_inference INFO Request: [41.0, 0.0, 1.0, 130.0, 204.0, 0.0, 0.0, 172.0, 0.0, 1.4, 2.0, 0.0, 2.0]
2021-05-16 03:12:30 online_inference INFO Response code: 200, body: [{'class_id': 1}]
2021-05-16 03:12:30 online_inference INFO Request: [56.0, 1.0, 1.0, 120.0, 236.0, 0.0, 1.0, 178.0, 0.0, 0.8, 2.0, 0.0, 2.0]
2021-05-16 03:12:30 online_inference INFO Response code: 200, body: [{'class_id': 1}]
2021-05-16 03:12:30 online_inference INFO Request: [57.0, 0.0, 0.0, 120.0, 354.0, 0.0, 1.0, 163.0, 1.0, 0.6, 2.0, 0.0, 2.0]
2021-05-16 03:12:30 online_inference INFO Response code: 200, body: [{'class_id': 1}]
2021-05-16 03:12:30 online_inference INFO Request: [57.0, 1.0, 0.0, 140.0, 192.0, 0.0, 1.0, 148.0, 0.0, 0.4, 1.0, 0.0, 1.0]
2021-05-16 03:12:31 online_inference INFO Response code: 200, body: [{'class_id': 1}]
2021-05-16 03:12:31 online_inference INFO Request: [56.0, 0.0, 1.0, 140.0, 294.0, 0.0, 0.0, 153.0, 0.0, 1.3, 1.0, 0.0, 2.0]
2021-05-16 03:12:31 online_inference INFO Response code: 200, body: [{'class_id': 1}]
2021-05-16 03:12:31 online_inference INFO Request: [44.0, 1.0, 1.0, 120.0, 263.0, 0.0, 1.0, 173.0, 0.0, 0.0, 2.0, 0.0, 3.0]
2021-05-16 03:12:31 online_inference INFO Response code: 200, body: [{'class_id': 1}]
2021-05-16 03:12:31 online_inference INFO Request: [52.0, 1.0, 2.0, 172.0, 199.0, 1.0, 1.0, 162.0, 0.0, 0.5, 2.0, 0.0, 3.0]
2021-05-16 03:12:31 online_inference INFO Response code: 200, body: [{'class_id': 1}]
2021-05-16 03:12:31 online_inference INFO Request: [57.0, 1.0, 2.0, 150.0, 168.0, 0.0, 1.0, 174.0, 0.0, 1.6, 2.0, 0.0, 2.0]
2021-05-16 03:12:31 online_inference INFO Response code: 200, body: [{'class_id': 1}]
2021-05-16 03:34:22 online_inference INFO Running app on 127.0.0.1 with port 8000
2021-05-16 03:34:22 online_inference INFO Start loading model
2021-05-16 03:34:23 online_inference INFO Model loaded
2021-05-16 03:34:38 online_inference INFO Running app on 127.0.0.1 with port 8000
2021-05-16 03:34:38 online_inference INFO Start loading model
2021-05-16 03:34:38 online_inference INFO Model loaded
2021-05-16 03:35:43 online_inference INFO Running app on 127.0.0.1 with port 8000
2021-05-16 03:35:43 online_inference INFO Start loading model
2021-05-16 03:35:43 online_inference INFO Model loaded
2021-05-16 03:39:19 online_inference INFO Running app on 127.0.0.1 with port 8000
2021-05-16 03:39:19 online_inference INFO Start loading model
2021-05-16 03:39:19 online_inference INFO Model loaded
2021-05-16 03:39:39 online_inference INFO Running app on 127.0.0.1 with port 8000
2021-05-16 03:39:39 online_inference INFO Start loading model
2021-05-16 03:39:39 online_inference INFO Model loaded
2021-05-16 03:40:16 online_inference INFO Running app on 127.0.0.1 with port 8000
2021-05-16 03:40:16 online_inference INFO Start loading model
2021-05-16 03:40:16 online_inference INFO Model loaded
